<?xml version="1.0" encoding="UTF-8"?>
<!-- Generated by org.testng.reporters.JUnitXMLReporter -->
<testsuite ignored="0" hostname="Smita-Lenovo" failures="0" tests="6" name="Default test" time="0.088" errors="0" timestamp="2023-03-14T18:54:16 GMT">
  <testcase classname="testPackage.BaseClass" name="@BeforeTest beforeTest" time="-1.678820056306E9">
    <failure type="org.testng.TestNGException" message="
Parameter &amp;apos;browser&amp;apos; is required by BeforeTest on method beforeTest but has not been marked @Optional or defined
in C:\Users\ashis\AppData\Local\Temp\testng-eclipse-922904467\testng-customsuite.xml">
      <![CDATA[org.testng.TestNGException: 
Parameter 'browser' is required by BeforeTest on method beforeTest but has not been marked @Optional or defined
in C:\Users\ashis\AppData\Local\Temp\testng-eclipse-922904467\testng-customsuite.xml
at org.testng.internal.Parameters.createParams(Parameters.java:270)
at org.testng.internal.Parameters.createParametersForMethod(Parameters.java:358)
at org.testng.internal.Parameters.createParameters(Parameters.java:700)
at org.testng.internal.Parameters.createConfigurationParameters(Parameters.java:168)
at org.testng.internal.ConfigInvoker.invokeConfigurations(ConfigInvoker.java:302)
at org.testng.TestRunner.invokeTestConfigurations(TestRunner.java:637)
at org.testng.TestRunner.beforeRun(TestRunner.java:627)
at org.testng.TestRunner.run(TestRunner.java:589)
at org.testng.SuiteRunner.runTest(SuiteRunner.java:377)
at org.testng.SuiteRunner.runSequentially(SuiteRunner.java:371)
at org.testng.SuiteRunner.privateRun(SuiteRunner.java:332)
at org.testng.SuiteRunner.run(SuiteRunner.java:276)
at org.testng.SuiteRunnerWorker.runSuite(SuiteRunnerWorker.java:53)
at org.testng.SuiteRunnerWorker.run(SuiteRunnerWorker.java:96)
at org.testng.TestNG.runSuitesSequentially(TestNG.java:1212)
at org.testng.TestNG.runSuitesLocally(TestNG.java:1134)
at org.testng.TestNG.runSuites(TestNG.java:1063)
at org.testng.TestNG.run(TestNG.java:1031)
at org.testng.remote.AbstractRemoteTestNG.run(AbstractRemoteTestNG.java:115)
at org.testng.remote.RemoteTestNG.initAndRun(RemoteTestNG.java:251)
at org.testng.remote.RemoteTestNG.main(RemoteTestNG.java:77)
]]>
    </failure>
  </testcase> <!-- @BeforeTest beforeTest -->
  <testcase classname="testPackage.LoginPageTestCases" name="@BeforeClass beforeClass" time="-1.67882005633E9">
    <skipped/>
  </testcase> <!-- @BeforeClass beforeClass -->
  <testcase classname="testPackage.LoginPageTestCases" name="@BeforeMethod beforeMethod" time="-1.678820056338E9">
    <skipped/>
  </testcase> <!-- @BeforeMethod beforeMethod -->
  <testcase classname="testPackage.BaseClass" name="@AfterMethod afterMethod" time="-1.678820056344E9">
    <skipped/>
  </testcase> <!-- @AfterMethod afterMethod -->
  <testcase classname="testPackage.LoginPageTestCases" name="@BeforeMethod beforeMethod" time="-1.678820056349E9">
    <skipped/>
  </testcase> <!-- @BeforeMethod beforeMethod -->
  <testcase classname="testPackage.BaseClass" name="@AfterMethod afterMethod" time="-1.678820056355E9">
    <skipped/>
  </testcase> <!-- @AfterMethod afterMethod -->
  <testcase classname="testPackage.LoginPageTestCases" name="@BeforeMethod beforeMethod" time="-1.678820056359E9">
    <skipped/>
  </testcase> <!-- @BeforeMethod beforeMethod -->
  <testcase classname="testPackage.BaseClass" name="@AfterMethod afterMethod" time="-1.678820056363E9">
    <skipped/>
  </testcase> <!-- @AfterMethod afterMethod -->
  <testcase classname="testPackage.LoginPageTestCases" name="@BeforeMethod beforeMethod" time="-1.678820056366E9">
    <skipped/>
  </testcase> <!-- @BeforeMethod beforeMethod -->
  <testcase classname="testPackage.BaseClass" name="@AfterMethod afterMethod" time="-1.67882005637E9">
    <skipped/>
  </testcase> <!-- @AfterMethod afterMethod -->
  <testcase classname="testPackage.LoginPageTestCases" name="@BeforeMethod beforeMethod" time="-1.678820056373E9">
    <skipped/>
  </testcase> <!-- @BeforeMethod beforeMethod -->
  <testcase classname="testPackage.BaseClass" name="@AfterMethod afterMethod" time="-1.678820056378E9">
    <skipped/>
  </testcase> <!-- @AfterMethod afterMethod -->
  <testcase classname="testPackage.LoginPageTestCases" name="@AfterClass AfterClass" time="-1.678820056387E9">
    <skipped/>
  </testcase> <!-- @AfterClass AfterClass -->
  <testcase classname="testPackage.BaseClass" name="@AfterTest afterTest" time="-1.678820056388E9">
    <skipped/>
  </testcase> <!-- @AfterTest afterTest -->
  <testcase classname="testPackage.LoginPageTestCases" name="VerifyHomePage" time="0.0">
    <skipped/>
  </testcase> <!-- VerifyHomePage -->
  <testcase classname="testPackage.LoginPageTestCases" name="VerifyLoginPageWithInvalidUsername_InvalidPassword" time="0.0">
    <skipped/>
  </testcase> <!-- VerifyLoginPageWithInvalidUsername_InvalidPassword -->
  <testcase classname="testPackage.LoginPageTestCases" name="VerifyLoginPageWithInvalidUsername_ValidPassword" time="0.0">
    <skipped/>
  </testcase> <!-- VerifyLoginPageWithInvalidUsername_ValidPassword -->
  <testcase classname="testPackage.LoginPageTestCases" name="VerifyLoginPageWithValidUsername_InvalidPassword" time="0.0">
    <skipped/>
  </testcase> <!-- VerifyLoginPageWithValidUsername_InvalidPassword -->
  <testcase classname="testPackage.LoginPageTestCases" name="verifyValidURL" time="0.0">
    <skipped/>
  </testcase> <!-- verifyValidURL -->
  <testcase classname="testPackage.LoginPageTestCases" name="VerifyLoginPageWithValidData" time="0.0">
    <skipped/>
  </testcase> <!-- VerifyLoginPageWithValidData -->
</testsuite> <!-- Default test -->
