<?xml version="1.0" encoding="UTF-8"?>
<!-- Generated by org.testng.reporters.JUnitXMLReporter -->
<testsuite ignored="2" hostname="Smita-Lenovo" failures="0" tests="2" name="chrome" time="1.745" errors="0" timestamp="2023-03-10T19:18:07 GMT">
  <testcase classname="testPackage.BaseClass" name="@BeforeTest beforeTest" time="1.686">
    <failure type="org.openqa.selenium.remote.http.ConnectionFailedException" message="Unable to establish websocket connection to http://localhost:50817/devtools/browser/b1ab99eb-f5b2-4347-8a92-0d9937f359b5
Build info: version: &amp;apos;4.7.2&amp;apos;, revision: &amp;apos;4d4020c3b7&amp;apos;
System info: os.name: &amp;apos;Windows 11&amp;apos;, os.arch: &amp;apos;amd64&amp;apos;, os.version: &amp;apos;10.0&amp;apos;, java.version: &amp;apos;19.0.1&amp;apos;
Driver info: driver.version: ChromeDriver">
      <![CDATA[org.openqa.selenium.remote.http.ConnectionFailedException: Unable to establish websocket connection to http://localhost:50817/devtools/browser/b1ab99eb-f5b2-4347-8a92-0d9937f359b5
Build info: version: '4.7.2', revision: '4d4020c3b7'
System info: os.name: 'Windows 11', os.arch: 'amd64', os.version: '10.0', java.version: '19.0.1'
Driver info: driver.version: ChromeDriver
at org.openqa.selenium.remote.http.netty.NettyWebSocket.<init>(NettyWebSocket.java:102)
at org.openqa.selenium.remote.http.netty.NettyWebSocket.lambda$create$3(NettyWebSocket.java:128)
at org.openqa.selenium.remote.http.netty.NettyClient.openSocket(NettyClient.java:107)
at org.openqa.selenium.devtools.Connection.<init>(Connection.java:78)
at org.openqa.selenium.chromium.ChromiumDriver.lambda$new$2(ChromiumDriver.java:116)
at java.base/java.util.Optional.map(Optional.java:260)
at org.openqa.selenium.chromium.ChromiumDriver.<init>(ChromiumDriver.java:114)
at org.openqa.selenium.chrome.ChromeDriver.<init>(ChromeDriver.java:82)
at org.openqa.selenium.chrome.ChromeDriver.<init>(ChromeDriver.java:50)
at testUtility.StaticBrowser.openBrowser(StaticBrowser.java:20)
at testPackage.BaseClass.beforeTest(BaseClass.java:19)
... Removed 22 stack frames]]>
    </failure>
  </testcase> <!-- @BeforeTest beforeTest -->
  <testcase classname="testPackage.LoginPageTestCases" name="@BeforeClass beforeClass" time="-1.678475886997E9">
    <skipped/>
  </testcase> <!-- @BeforeClass beforeClass -->
  <testcase classname="testPackage.LoginPageTestCases" name="@AfterMethod AfterMethod" time="-1.678475887013E9">
    <skipped/>
  </testcase> <!-- @AfterMethod AfterMethod -->
  <testcase classname="testPackage.LoginPageTestCases" name="@AfterMethod AfterMethod" time="-1.678475887017E9">
    <skipped/>
  </testcase> <!-- @AfterMethod AfterMethod -->
  <testcase classname="testPackage.LoginPageTestCases" name="@AfterClass AfterClass" time="-1.678475887019E9">
    <skipped/>
  </testcase> <!-- @AfterClass AfterClass -->
  <testcase classname="testPackage.BaseClass" name="@AfterTest afterTest" time="-1.678475887022E9">
    <skipped/>
  </testcase> <!-- @AfterTest afterTest -->
  <testcase classname="testPackage.LoginPageTestCases" name="verifyLoginPageWithValidData" time="0.0">
    <skipped/>
  </testcase> <!-- verifyLoginPageWithValidData -->
  <testcase classname="testPackage.LoginPageTestCases" name="verifyURL" time="0.0">
    <skipped/>
  </testcase> <!-- verifyURL -->
  <testcase classname="testPackage.BaseClass" name="@AfterTest afterTest" time="0.0">
    <ignored/>
  </testcase> <!-- @AfterTest afterTest -->
  <testcase classname="testPackage.BaseClass" name="@BeforeTest beforeTest" time="0.0">
    <ignored/>
  </testcase> <!-- @BeforeTest beforeTest -->
</testsuite> <!-- chrome -->
