<?xml version="1.0" encoding="UTF-8"?>
<!-- Generated by org.testng.reporters.JUnitXMLReporter -->
<testsuite ignored="2" hostname="Smita-Lenovo" failures="0" tests="5" name="Test" time="4.481" errors="0" timestamp="2023-03-10T01:29:18 GMT">
  <testcase classname="testPackage.LoginPageTestCases" name="@BeforeClass beforeClass" time="0.005">
    <failure type="java.lang.IllegalArgumentException" message="Input must be set">
      <![CDATA[java.lang.IllegalArgumentException: Input must be set
at org.openqa.selenium.internal.Require.nonNull(Require.java:59)
at org.openqa.selenium.support.ui.FluentWait.<init>(FluentWait.java:97)
at org.openqa.selenium.support.ui.WebDriverWait.<init>(WebDriverWait.java:77)
at org.openqa.selenium.support.ui.WebDriverWait.<init>(WebDriverWait.java:46)
at pomPackage.LoginPage.<init>(LoginPage.java:29)
at testPackage.LoginPageTestCases.beforeClass(LoginPageTestCases.java:47)
at java.base/java.util.ArrayList.forEach(ArrayList.java:1511)
... Removed 23 stack frames]]>
    </failure>
  </testcase> <!-- @BeforeClass beforeClass -->
  <testcase classname="testPackage.LoginPageTestCases" name="@BeforeMethod beforeMethod" time="-1.678411758225E9">
    <skipped/>
  </testcase> <!-- @BeforeMethod beforeMethod -->
  <testcase classname="testPackage.LoginPageTestCases" name="@AfterMethod AfterMethod" time="-1.678411758232E9">
    <skipped/>
  </testcase> <!-- @AfterMethod AfterMethod -->
  <testcase classname="testPackage.LoginPageTestCases" name="@AfterClass AfterClass" time="-1.678411758233E9">
    <skipped/>
  </testcase> <!-- @AfterClass AfterClass -->
  <testcase classname="testPackage.TestNG1" name="@BeforeClass beforeClass" time="0.001">
    <failure type="java.lang.IllegalArgumentException" message="Input must be set">
      <![CDATA[java.lang.IllegalArgumentException: Input must be set
at org.openqa.selenium.internal.Require.nonNull(Require.java:59)
at org.openqa.selenium.support.ui.FluentWait.<init>(FluentWait.java:97)
at org.openqa.selenium.support.ui.WebDriverWait.<init>(WebDriverWait.java:77)
at org.openqa.selenium.support.ui.WebDriverWait.<init>(WebDriverWait.java:46)
at pomPackage.LoginPage.<init>(LoginPage.java:29)
at testPackage.TestNG1.beforeClass(TestNG1.java:33)
at java.base/java.util.ArrayList.forEach(ArrayList.java:1511)
... Removed 23 stack frames]]>
    </failure>
  </testcase> <!-- @BeforeClass beforeClass -->
  <testcase classname="testPackage.TestNG1" name="@BeforeMethod beforeMethod" time="-1.678411758237E9">
    <skipped/>
  </testcase> <!-- @BeforeMethod beforeMethod -->
  <testcase classname="testPackage.TestNG1" name="@AfterMethod AfterMethod" time="-1.678411758243E9">
    <skipped/>
  </testcase> <!-- @AfterMethod AfterMethod -->
  <testcase classname="testPackage.TestNG1" name="@BeforeMethod beforeMethod" time="-1.678411758245E9">
    <skipped/>
  </testcase> <!-- @BeforeMethod beforeMethod -->
  <testcase classname="testPackage.TestNG1" name="@AfterMethod AfterMethod" time="-1.678411758247E9">
    <skipped/>
  </testcase> <!-- @AfterMethod AfterMethod -->
  <testcase classname="testPackage.TestNG1" name="@BeforeMethod beforeMethod" time="-1.678411758248E9">
    <skipped/>
  </testcase> <!-- @BeforeMethod beforeMethod -->
  <testcase classname="testPackage.TestNG1" name="@AfterMethod AfterMethod" time="-1.678411758252E9">
    <skipped/>
  </testcase> <!-- @AfterMethod AfterMethod -->
  <testcase classname="testPackage.TestNG1" name="@BeforeMethod beforeMethod" time="-1.678411758254E9">
    <skipped/>
  </testcase> <!-- @BeforeMethod beforeMethod -->
  <testcase classname="testPackage.TestNG1" name="@AfterMethod AfterMethod" time="-1.678411758258E9">
    <skipped/>
  </testcase> <!-- @AfterMethod AfterMethod -->
  <testcase classname="testPackage.TestNG1" name="@AfterClass AfterClass" time="-1.678411758259E9">
    <skipped/>
  </testcase> <!-- @AfterClass AfterClass -->
  <testcase classname="testPackage.LoginPageTestCases" name="verifyValidURL" time="0.0">
    <skipped/>
  </testcase> <!-- verifyValidURL -->
  <testcase classname="testPackage.TestNG1" name="verifyClickOnLoginButton" time="0.0">
    <skipped/>
  </testcase> <!-- verifyClickOnLoginButton -->
  <testcase classname="testPackage.TestNG1" name="verifyEnteredPassword" time="0.0">
    <skipped/>
  </testcase> <!-- verifyEnteredPassword -->
  <testcase classname="testPackage.TestNG1" name="verifyEnteredUsername" time="0.0">
    <skipped/>
  </testcase> <!-- verifyEnteredUsername -->
  <testcase classname="testPackage.TestNG1" name="verifyValidURL" time="0.0">
    <skipped/>
  </testcase> <!-- verifyValidURL -->
  <testcase classname="testPackage.BaseClass" name="@AfterTest afterTest" time="0.0">
    <ignored/>
  </testcase> <!-- @AfterTest afterTest -->
  <testcase classname="testPackage.BaseClass" name="@BeforeTest beforeTest" time="0.0">
    <ignored/>
  </testcase> <!-- @BeforeTest beforeTest -->
</testsuite> <!-- Test -->
